<?xml version="1.0" encoding="UTF-8"?>
<testsuite xmlns:xsi="http://www.w3.org/2001/XMLSchema-instance" xsi:noNamespaceSchemaLocation="https://maven.apache.org/surefire/maven-surefire-plugin/xsd/surefire-test-report.xsd" name="com.tcs.service.edt.EventDrivenTestApplicationTests" time="33.476" tests="1" errors="0" skipped="0" failures="0">
  <properties>
    <property name="sun.desktop" value="windows"/>
    <property name="awt.toolkit" value="sun.awt.windows.WToolkit"/>
    <property name="java.specification.version" value="11"/>
    <property name="sun.cpu.isalist" value="amd64"/>
    <property name="sun.jnu.encoding" value="Cp1252"/>
    <property name="java.class.path" value="E:\d_backup\saran\test\eventuate\with_pat_common-message-stream\common-message-stream\event-driven-test\target\test-classes;E:\d_backup\saran\test\eventuate\with_pat_common-message-stream\common-message-stream\event-driven-test\target\classes;C:\Users\saravana\.m2\repository\io\eventuate\tram\core\eventuate-tram-spring-events\0.24.0.RELEASE\eventuate-tram-spring-events-0.24.0.RELEASE.jar;C:\Users\saravana\.m2\repository\io\eventuate\tram\core\eventuate-tram-spring-events-publisher\0.24.0.RELEASE\eventuate-tram-spring-events-publisher-0.24.0.RELEASE.jar;C:\Users\saravana\.m2\repository\io\eventuate\tram\core\eventuate-tram-events\0.24.0.RELEASE\eventuate-tram-events-0.24.0.RELEASE.jar;C:\Users\saravana\.m2\repository\io\eventuate\common\eventuate-common-json-mapper\0.9.0.RELEASE\eventuate-common-json-mapper-0.9.0.RELEASE.jar;C:\Users\saravana\.m2\repository\io\eventuate\tram\core\eventuate-tram-spring-events-common\0.24.0.RELEASE\eventuate-tram-spring-events-common-0.24.0.RELEASE.jar;C:\Users\saravana\.m2\repository\io\eventuate\tram\core\eventuate-tram-spring-events-subscriber\0.24.0.RELEASE\eventuate-tram-spring-events-subscriber-0.24.0.RELEASE.jar;C:\Users\saravana\.m2\repository\io\eventuate\tram\core\eventuate-tram-spring-jdbc-kafka\0.24.0.RELEASE\eventuate-tram-spring-jdbc-kafka-0.24.0.RELEASE.jar;C:\Users\saravana\.m2\repository\io\eventuate\messaging\kafka\eventuate-messaging-kafka-spring-consumer\0.9.0.RELEASE\eventuate-messaging-kafka-spring-consumer-0.9.0.RELEASE.jar;C:\Users\saravana\.m2\repository\io\eventuate\messaging\kafka\eventuate-messaging-kafka-consumer\0.9.0.RELEASE\eventuate-messaging-kafka-consumer-0.9.0.RELEASE.jar;C:\Users\saravana\.m2\repository\io\eventuate\messaging\kafka\eventuate-messaging-kafka-basic-consumer\0.9.0.RELEASE\eventuate-messaging-kafka-basic-consumer-0.9.0.RELEASE.jar;C:\Users\saravana\.m2\repository\io\eventuate\messaging\kafka\eventuate-messaging-kafka-common\0.9.0.RELEASE\eventuate-messaging-kafka-common-0.9.0.RELEASE.jar;C:\Users\saravana\.m2\repository\uk\co\real-logic\sbe-all\1.15.0\sbe-all-1.15.0.jar;C:\Users\saravana\.m2\repository\io\eventuate\common\messaging\eventuate-messaging-partition-management\0.5.0.RELEASE\eventuate-messaging-partition-management-0.5.0.RELEASE.jar;C:\Users\saravana\.m2\repository\io\eventuate\messaging\kafka\eventuate-messaging-kafka-spring-basic-consumer\0.9.0.RELEASE\eventuate-messaging-kafka-spring-basic-consumer-0.9.0.RELEASE.jar;C:\Users\saravana\.m2\repository\io\eventuate\messaging\kafka\eventuate-messaging-kafka-spring-common\0.9.0.RELEASE\eventuate-messaging-kafka-spring-common-0.9.0.RELEASE.jar;C:\Users\saravana\.m2\repository\io\eventuate\tram\core\eventuate-tram-spring-producer-jdbc\0.24.0.RELEASE\eventuate-tram-spring-producer-jdbc-0.24.0.RELEASE.jar;C:\Users\saravana\.m2\repository\io\eventuate\tram\core\eventuate-tram-producer-jdbc\0.24.0.RELEASE\eventuate-tram-producer-jdbc-0.24.0.RELEASE.jar;C:\Users\saravana\.m2\repository\io\eventuate\tram\core\eventuate-tram-messaging-producer-common\0.24.0.RELEASE\eventuate-tram-messaging-producer-common-0.24.0.RELEASE.jar;C:\Users\saravana\.m2\repository\io\eventuate\common\eventuate-common-jdbc\0.9.0.RELEASE\eventuate-common-jdbc-0.9.0.RELEASE.jar;C:\Users\saravana\.m2\repository\org\postgresql\postgresql\42.2.18\postgresql-42.2.18.jar;C:\Users\saravana\.m2\repository\org\checkerframework\checker-qual\3.5.0\checker-qual-3.5.0.jar;C:\Users\saravana\.m2\repository\com\microsoft\sqlserver\mssql-jdbc\8.4.1.jre8\mssql-jdbc-8.4.1.jre8.jar;C:\Users\saravana\.m2\repository\io\eventuate\common\eventuate-common-id\0.9.0.RELEASE\eventuate-common-id-0.9.0.RELEASE.jar;C:\Users\saravana\.m2\repository\io\eventuate\tram\core\eventuate-tram-spring-messaging-producer-common\0.24.0.RELEASE\eventuate-tram-spring-messaging-producer-common-0.24.0.RELEASE.jar;C:\Users\saravana\.m2\repository\io\eventuate\common\eventuate-common-spring-id\0.9.0.RELEASE\eventuate-common-spring-id-0.9.0.RELEASE.jar;C:\Users\saravana\.m2\repository\io\eventuate\common\eventuate-common-spring-jdbc\0.9.0.RELEASE\eventuate-common-spring-jdbc-0.9.0.RELEASE.jar;C:\Users\saravana\.m2\repository\io\eventuate\common\eventuate-common-common-spring-jdbc\0.9.0.RELEASE\eventuate-common-common-spring-jdbc-0.9.0.RELEASE.jar;C:\Users\saravana\.m2\repository\io\eventuate\tram\core\eventuate-tram-spring-consumer-common\0.24.0.RELEASE\eventuate-tram-spring-consumer-common-0.24.0.RELEASE.jar;C:\Users\saravana\.m2\repository\io\eventuate\tram\core\eventuate-tram-consumer-common\0.24.0.RELEASE\eventuate-tram-consumer-common-0.24.0.RELEASE.jar;C:\Users\saravana\.m2\repository\io\eventuate\common\eventuate-common-coordination-leadership\0.9.0.RELEASE\eventuate-common-coordination-leadership-0.9.0.RELEASE.jar;C:\Users\saravana\.m2\repository\io\eventuate\tram\core\eventuate-tram-spring-consumer-jdbc\0.24.0.RELEASE\eventuate-tram-spring-consumer-jdbc-0.24.0.RELEASE.jar;C:\Users\saravana\.m2\repository\io\eventuate\tram\core\eventuate-tram-consumer-jdbc\0.24.0.RELEASE\eventuate-tram-consumer-jdbc-0.24.0.RELEASE.jar;C:\Users\saravana\.m2\repository\io\eventuate\tram\core\eventuate-tram-spring-consumer-kafka\0.24.0.RELEASE\eventuate-tram-spring-consumer-kafka-0.24.0.RELEASE.jar;C:\Users\saravana\.m2\repository\io\eventuate\tram\core\eventuate-tram-consumer-kafka\0.24.0.RELEASE\eventuate-tram-consumer-kafka-0.24.0.RELEASE.jar;C:\Users\saravana\.m2\repository\io\eventuate\tram\core\eventuate-tram-spring-messaging\0.24.0.RELEASE\eventuate-tram-spring-messaging-0.24.0.RELEASE.jar;C:\Users\saravana\.m2\repository\io\eventuate\tram\core\eventuate-tram-messaging\0.24.0.RELEASE\eventuate-tram-messaging-0.24.0.RELEASE.jar;C:\Users\saravana\.m2\repository\commons-lang\commons-lang\2.6\commons-lang-2.6.jar;C:\Users\saravana\.m2\repository\khttp\khttp\1.0.0\khttp-1.0.0.jar;C:\Users\saravana\.m2\repository\org\jetbrains\kotlin\kotlin-stdlib\1.4.21\kotlin-stdlib-1.4.21.jar;C:\Users\saravana\.m2\repository\org\jetbrains\kotlin\kotlin-stdlib-common\1.4.21\kotlin-stdlib-common-1.4.21.jar;C:\Users\saravana\.m2\repository\org\jetbrains\annotations\13.0\annotations-13.0.jar;C:\Users\saravana\.m2\repository\org\jetbrains\spek\spek-api\1.1.0\spek-api-1.1.0.jar;C:\Users\saravana\.m2\repository\org\jetbrains\spek\spek-junit-platform-engine\1.1.0\spek-junit-platform-engine-1.1.0.jar;C:\Users\saravana\.m2\repository\org\springframework\data\spring-data-jpa\2.4.2\spring-data-jpa-2.4.2.jar;C:\Users\saravana\.m2\repository\org\springframework\data\spring-data-commons\2.4.2\spring-data-commons-2.4.2.jar;C:\Users\saravana\.m2\repository\org\springframework\spring-orm\5.3.2\spring-orm-5.3.2.jar;C:\Users\saravana\.m2\repository\org\springframework\spring-context\5.3.2\spring-context-5.3.2.jar;C:\Users\saravana\.m2\repository\org\springframework\spring-expression\5.3.2\spring-expression-5.3.2.jar;C:\Users\saravana\.m2\repository\org\springframework\spring-aop\5.3.2\spring-aop-5.3.2.jar;C:\Users\saravana\.m2\repository\org\springframework\spring-tx\5.3.2\spring-tx-5.3.2.jar;C:\Users\saravana\.m2\repository\org\springframework\spring-beans\5.3.2\spring-beans-5.3.2.jar;C:\Users\saravana\.m2\repository\org\springframework\spring-core\5.3.2\spring-core-5.3.2.jar;C:\Users\saravana\.m2\repository\org\springframework\spring-jcl\5.3.2\spring-jcl-5.3.2.jar;C:\Users\saravana\.m2\repository\org\aspectj\aspectjrt\1.9.6\aspectjrt-1.9.6.jar;C:\Users\saravana\.m2\repository\org\slf4j\slf4j-api\1.7.30\slf4j-api-1.7.30.jar;C:\Users\saravana\.m2\repository\org\springframework\boot\spring-boot-starter-jdbc\2.4.1\spring-boot-starter-jdbc-2.4.1.jar;C:\Users\saravana\.m2\repository\com\zaxxer\HikariCP\3.4.5\HikariCP-3.4.5.jar;C:\Users\saravana\.m2\repository\org\springframework\boot\spring-boot-starter-data-jpa\2.4.1\spring-boot-starter-data-jpa-2.4.1.jar;C:\Users\saravana\.m2\repository\org\springframework\boot\spring-boot-starter-aop\2.4.1\spring-boot-starter-aop-2.4.1.jar;C:\Users\saravana\.m2\repository\org\aspectj\aspectjweaver\1.9.6\aspectjweaver-1.9.6.jar;C:\Users\saravana\.m2\repository\jakarta\transaction\jakarta.transaction-api\1.3.3\jakarta.transaction-api-1.3.3.jar;C:\Users\saravana\.m2\repository\jakarta\persistence\jakarta.persistence-api\2.2.3\jakarta.persistence-api-2.2.3.jar;C:\Users\saravana\.m2\repository\org\springframework\spring-aspects\5.3.2\spring-aspects-5.3.2.jar;C:\Users\saravana\.m2\repository\org\springframework\spring-jdbc\5.3.2\spring-jdbc-5.3.2.jar;C:\Users\saravana\.m2\repository\javax\persistence\javax.persistence-api\2.2\javax.persistence-api-2.2.jar;C:\Users\saravana\.m2\repository\mysql\mysql-connector-java\8.0.22\mysql-connector-java-8.0.22.jar;C:\Users\saravana\.m2\repository\io\reactivex\rxjava2\rxjava\2.2.20\rxjava-2.2.20.jar;C:\Users\saravana\.m2\repository\org\reactivestreams\reactive-streams\1.0.3\reactive-streams-1.0.3.jar;C:\Users\saravana\.m2\repository\org\hibernate\hibernate-core\5.4.26.Final\hibernate-core-5.4.26.Final.jar;C:\Users\saravana\.m2\repository\org\jboss\logging\jboss-logging\3.4.1.Final\jboss-logging-3.4.1.Final.jar;C:\Users\saravana\.m2\repository\org\javassist\javassist\3.27.0-GA\javassist-3.27.0-GA.jar;C:\Users\saravana\.m2\repository\net\bytebuddy\byte-buddy\1.10.18\byte-buddy-1.10.18.jar;C:\Users\saravana\.m2\repository\antlr\antlr\2.7.7\antlr-2.7.7.jar;C:\Users\saravana\.m2\repository\org\jboss\spec\javax\transaction\jboss-transaction-api_1.2_spec\1.1.1.Final\jboss-transaction-api_1.2_spec-1.1.1.Final.jar;C:\Users\saravana\.m2\repository\org\jboss\jandex\2.1.3.Final\jandex-2.1.3.Final.jar;C:\Users\saravana\.m2\repository\com\fasterxml\classmate\1.5.1\classmate-1.5.1.jar;C:\Users\saravana\.m2\repository\javax\activation\javax.activation-api\1.2.0\javax.activation-api-1.2.0.jar;C:\Users\saravana\.m2\repository\org\dom4j\dom4j\2.1.3\dom4j-2.1.3.jar;C:\Users\saravana\.m2\repository\org\hibernate\common\hibernate-commons-annotations\5.1.2.Final\hibernate-commons-annotations-5.1.2.Final.jar;C:\Users\saravana\.m2\repository\javax\xml\bind\jaxb-api\2.3.1\jaxb-api-2.3.1.jar;C:\Users\saravana\.m2\repository\org\glassfish\jaxb\jaxb-runtime\2.3.3\jaxb-runtime-2.3.3.jar;C:\Users\saravana\.m2\repository\org\glassfish\jaxb\txw2\2.3.3\txw2-2.3.3.jar;C:\Users\saravana\.m2\repository\com\sun\istack\istack-commons-runtime\3.0.11\istack-commons-runtime-3.0.11.jar;C:\Users\saravana\.m2\repository\com\sun\activation\jakarta.activation\1.2.2\jakarta.activation-1.2.2.jar;C:\Users\saravana\.m2\repository\org\json\json\20201115\json-20201115.jar;E:\d_backup\saran\test\eventuate\with_pat_common-message-stream\common-message-stream\common\target\common-0.0.1-SNAPSHOT.jar;C:\Users\saravana\.m2\repository\com\pcbsys\nirvana\client\nClient\1.0\nClient-1.0.jar;C:\Users\saravana\.m2\repository\org\springframework\boot\spring-boot-starter-actuator\2.4.1\spring-boot-starter-actuator-2.4.1.jar;C:\Users\saravana\.m2\repository\org\springframework\boot\spring-boot-actuator-autoconfigure\2.4.1\spring-boot-actuator-autoconfigure-2.4.1.jar;C:\Users\saravana\.m2\repository\org\springframework\boot\spring-boot-actuator\2.4.1\spring-boot-actuator-2.4.1.jar;C:\Users\saravana\.m2\repository\io\micrometer\micrometer-core\1.6.2\micrometer-core-1.6.2.jar;C:\Users\saravana\.m2\repository\org\hdrhistogram\HdrHistogram\2.1.12\HdrHistogram-2.1.12.jar;C:\Users\saravana\.m2\repository\org\latencyutils\LatencyUtils\2.0.3\LatencyUtils-2.0.3.jar;C:\Users\saravana\.m2\repository\commons-cli\commons-cli\1.4\commons-cli-1.4.jar;C:\Users\saravana\.m2\repository\org\springframework\boot\spring-boot-starter\2.4.1\spring-boot-starter-2.4.1.jar;C:\Users\saravana\.m2\repository\org\springframework\boot\spring-boot\2.4.1\spring-boot-2.4.1.jar;C:\Users\saravana\.m2\repository\org\springframework\boot\spring-boot-autoconfigure\2.4.1\spring-boot-autoconfigure-2.4.1.jar;C:\Users\saravana\.m2\repository\org\springframework\boot\spring-boot-starter-logging\2.4.1\spring-boot-starter-logging-2.4.1.jar;C:\Users\saravana\.m2\repository\ch\qos\logback\logback-classic\1.2.3\logback-classic-1.2.3.jar;C:\Users\saravana\.m2\repository\ch\qos\logback\logback-core\1.2.3\logback-core-1.2.3.jar;C:\Users\saravana\.m2\repository\org\apache\logging\log4j\log4j-to-slf4j\2.13.3\log4j-to-slf4j-2.13.3.jar;C:\Users\saravana\.m2\repository\org\apache\logging\log4j\log4j-api\2.13.3\log4j-api-2.13.3.jar;C:\Users\saravana\.m2\repository\org\slf4j\jul-to-slf4j\1.7.30\jul-to-slf4j-1.7.30.jar;C:\Users\saravana\.m2\repository\jakarta\annotation\jakarta.annotation-api\1.3.5\jakarta.annotation-api-1.3.5.jar;C:\Users\saravana\.m2\repository\org\yaml\snakeyaml\1.27\snakeyaml-1.27.jar;C:\Users\saravana\.m2\repository\org\springframework\kafka\spring-kafka\2.6.4\spring-kafka-2.6.4.jar;C:\Users\saravana\.m2\repository\org\springframework\spring-messaging\5.3.2\spring-messaging-5.3.2.jar;C:\Users\saravana\.m2\repository\org\springframework\retry\spring-retry\1.3.0\spring-retry-1.3.0.jar;C:\Users\saravana\.m2\repository\javax\annotation\javax.annotation-api\1.3.2\javax.annotation-api-1.3.2.jar;C:\Users\saravana\.m2\repository\org\apache\kafka\kafka-clients\2.6.0\kafka-clients-2.6.0.jar;C:\Users\saravana\.m2\repository\com\github\luben\zstd-jni\1.4.4-7\zstd-jni-1.4.4-7.jar;C:\Users\saravana\.m2\repository\org\lz4\lz4-java\1.7.1\lz4-java-1.7.1.jar;C:\Users\saravana\.m2\repository\org\xerial\snappy\snappy-java\1.1.7.3\snappy-java-1.1.7.3.jar;C:\Users\saravana\.m2\repository\org\springframework\boot\spring-boot-starter-web\2.4.1\spring-boot-starter-web-2.4.1.jar;C:\Users\saravana\.m2\repository\org\springframework\boot\spring-boot-starter-json\2.4.1\spring-boot-starter-json-2.4.1.jar;C:\Users\saravana\.m2\repository\com\fasterxml\jackson\datatype\jackson-datatype-jdk8\2.11.3\jackson-datatype-jdk8-2.11.3.jar;C:\Users\saravana\.m2\repository\com\fasterxml\jackson\datatype\jackson-datatype-jsr310\2.11.3\jackson-datatype-jsr310-2.11.3.jar;C:\Users\saravana\.m2\repository\com\fasterxml\jackson\module\jackson-module-parameter-names\2.11.3\jackson-module-parameter-names-2.11.3.jar;C:\Users\saravana\.m2\repository\org\springframework\boot\spring-boot-starter-tomcat\2.4.1\spring-boot-starter-tomcat-2.4.1.jar;C:\Users\saravana\.m2\repository\org\apache\tomcat\embed\tomcat-embed-core\9.0.41\tomcat-embed-core-9.0.41.jar;C:\Users\saravana\.m2\repository\org\glassfish\jakarta.el\3.0.3\jakarta.el-3.0.3.jar;C:\Users\saravana\.m2\repository\org\apache\tomcat\embed\tomcat-embed-websocket\9.0.41\tomcat-embed-websocket-9.0.41.jar;C:\Users\saravana\.m2\repository\org\springframework\spring-web\5.3.2\spring-web-5.3.2.jar;C:\Users\saravana\.m2\repository\org\springframework\spring-webmvc\5.3.2\spring-webmvc-5.3.2.jar;C:\Users\saravana\.m2\repository\org\jetbrains\kotlin\kotlin-reflect\1.4.21\kotlin-reflect-1.4.21.jar;C:\Users\saravana\.m2\repository\org\jetbrains\kotlin\kotlin-stdlib-jdk8\1.4.21\kotlin-stdlib-jdk8-1.4.21.jar;C:\Users\saravana\.m2\repository\org\jetbrains\kotlin\kotlin-stdlib-jdk7\1.4.21\kotlin-stdlib-jdk7-1.4.21.jar;C:\Users\saravana\.m2\repository\org\springframework\boot\spring-boot-starter-test\2.4.1\spring-boot-starter-test-2.4.1.jar;C:\Users\saravana\.m2\repository\org\springframework\boot\spring-boot-test\2.4.1\spring-boot-test-2.4.1.jar;C:\Users\saravana\.m2\repository\org\springframework\boot\spring-boot-test-autoconfigure\2.4.1\spring-boot-test-autoconfigure-2.4.1.jar;C:\Users\saravana\.m2\repository\com\jayway\jsonpath\json-path\2.4.0\json-path-2.4.0.jar;C:\Users\saravana\.m2\repository\net\minidev\json-smart\2.3\json-smart-2.3.jar;C:\Users\saravana\.m2\repository\net\minidev\accessors-smart\1.2\accessors-smart-1.2.jar;C:\Users\saravana\.m2\repository\org\ow2\asm\asm\5.0.4\asm-5.0.4.jar;C:\Users\saravana\.m2\repository\jakarta\xml\bind\jakarta.xml.bind-api\2.3.3\jakarta.xml.bind-api-2.3.3.jar;C:\Users\saravana\.m2\repository\jakarta\activation\jakarta.activation-api\1.2.2\jakarta.activation-api-1.2.2.jar;C:\Users\saravana\.m2\repository\org\assertj\assertj-core\3.18.1\assertj-core-3.18.1.jar;C:\Users\saravana\.m2\repository\org\hamcrest\hamcrest\2.2\hamcrest-2.2.jar;C:\Users\saravana\.m2\repository\org\junit\jupiter\junit-jupiter\5.7.0\junit-jupiter-5.7.0.jar;C:\Users\saravana\.m2\repository\org\junit\jupiter\junit-jupiter-api\5.7.0\junit-jupiter-api-5.7.0.jar;C:\Users\saravana\.m2\repository\org\apiguardian\apiguardian-api\1.1.0\apiguardian-api-1.1.0.jar;C:\Users\saravana\.m2\repository\org\opentest4j\opentest4j\1.2.0\opentest4j-1.2.0.jar;C:\Users\saravana\.m2\repository\org\junit\platform\junit-platform-commons\1.7.0\junit-platform-commons-1.7.0.jar;C:\Users\saravana\.m2\repository\org\junit\jupiter\junit-jupiter-params\5.7.0\junit-jupiter-params-5.7.0.jar;C:\Users\saravana\.m2\repository\org\junit\jupiter\junit-jupiter-engine\5.7.0\junit-jupiter-engine-5.7.0.jar;C:\Users\saravana\.m2\repository\org\junit\platform\junit-platform-engine\1.7.0\junit-platform-engine-1.7.0.jar;C:\Users\saravana\.m2\repository\org\mockito\mockito-core\3.6.28\mockito-core-3.6.28.jar;C:\Users\saravana\.m2\repository\net\bytebuddy\byte-buddy-agent\1.10.18\byte-buddy-agent-1.10.18.jar;C:\Users\saravana\.m2\repository\org\objenesis\objenesis\3.1\objenesis-3.1.jar;C:\Users\saravana\.m2\repository\org\mockito\mockito-junit-jupiter\3.6.28\mockito-junit-jupiter-3.6.28.jar;C:\Users\saravana\.m2\repository\org\skyscreamer\jsonassert\1.5.0\jsonassert-1.5.0.jar;C:\Users\saravana\.m2\repository\com\vaadin\external\google\android-json\0.0.20131108.vaadin1\android-json-0.0.20131108.vaadin1.jar;C:\Users\saravana\.m2\repository\org\springframework\spring-test\5.3.2\spring-test-5.3.2.jar;C:\Users\saravana\.m2\repository\org\xmlunit\xmlunit-core\2.7.0\xmlunit-core-2.7.0.jar;C:\Users\saravana\.m2\repository\com\fasterxml\jackson\module\jackson-module-kotlin\2.12.0\jackson-module-kotlin-2.12.0.jar;C:\Users\saravana\.m2\repository\com\fasterxml\jackson\core\jackson-annotations\2.11.3\jackson-annotations-2.11.3.jar;C:\Users\saravana\.m2\repository\com\fasterxml\jackson\core\jackson-databind\2.11.3\jackson-databind-2.11.3.jar;C:\Users\saravana\.m2\repository\com\fasterxml\jackson\core\jackson-core\2.11.3\jackson-core-2.11.3.jar;"/>
    <property name="java.vm.vendor" value="Oracle Corporation"/>
    <property name="sun.arch.data.model" value="64"/>
    <property name="user.variant" value=""/>
    <property name="java.vendor.url" value="https://openjdk.java.net/"/>
    <property name="user.timezone" value="Asia/Calcutta"/>
    <property name="java.vm.specification.version" value="11"/>
    <property name="os.name" value="Windows 10"/>
    <property name="sun.java.launcher" value="SUN_STANDARD"/>
    <property name="user.country" value="IN"/>
    <property name="sun.boot.library.path" value="C:\Program Files\Java\jdk-11.0.7\bin"/>
    <property name="sun.java.command" value="C:\Users\saravana\AppData\Local\Temp\surefire9785416266451164240\surefirebooter17753263221027765624.jar C:\Users\saravana\AppData\Local\Temp\surefire9785416266451164240 2021-01-15T11-44-56_730-jvmRun1 surefire12423356106112451070tmp surefire_02752094801098077499tmp"/>
    <property name="jdk.debug" value="release"/>
    <property name="surefire.test.class.path" value="E:\d_backup\saran\test\eventuate\with_pat_common-message-stream\common-message-stream\event-driven-test\target\test-classes;E:\d_backup\saran\test\eventuate\with_pat_common-message-stream\common-message-stream\event-driven-test\target\classes;C:\Users\saravana\.m2\repository\io\eventuate\tram\core\eventuate-tram-spring-events\0.24.0.RELEASE\eventuate-tram-spring-events-0.24.0.RELEASE.jar;C:\Users\saravana\.m2\repository\io\eventuate\tram\core\eventuate-tram-spring-events-publisher\0.24.0.RELEASE\eventuate-tram-spring-events-publisher-0.24.0.RELEASE.jar;C:\Users\saravana\.m2\repository\io\eventuate\tram\core\eventuate-tram-events\0.24.0.RELEASE\eventuate-tram-events-0.24.0.RELEASE.jar;C:\Users\saravana\.m2\repository\io\eventuate\common\eventuate-common-json-mapper\0.9.0.RELEASE\eventuate-common-json-mapper-0.9.0.RELEASE.jar;C:\Users\saravana\.m2\repository\io\eventuate\tram\core\eventuate-tram-spring-events-common\0.24.0.RELEASE\eventuate-tram-spring-events-common-0.24.0.RELEASE.jar;C:\Users\saravana\.m2\repository\io\eventuate\tram\core\eventuate-tram-spring-events-subscriber\0.24.0.RELEASE\eventuate-tram-spring-events-subscriber-0.24.0.RELEASE.jar;C:\Users\saravana\.m2\repository\io\eventuate\tram\core\eventuate-tram-spring-jdbc-kafka\0.24.0.RELEASE\eventuate-tram-spring-jdbc-kafka-0.24.0.RELEASE.jar;C:\Users\saravana\.m2\repository\io\eventuate\messaging\kafka\eventuate-messaging-kafka-spring-consumer\0.9.0.RELEASE\eventuate-messaging-kafka-spring-consumer-0.9.0.RELEASE.jar;C:\Users\saravana\.m2\repository\io\eventuate\messaging\kafka\eventuate-messaging-kafka-consumer\0.9.0.RELEASE\eventuate-messaging-kafka-consumer-0.9.0.RELEASE.jar;C:\Users\saravana\.m2\repository\io\eventuate\messaging\kafka\eventuate-messaging-kafka-basic-consumer\0.9.0.RELEASE\eventuate-messaging-kafka-basic-consumer-0.9.0.RELEASE.jar;C:\Users\saravana\.m2\repository\io\eventuate\messaging\kafka\eventuate-messaging-kafka-common\0.9.0.RELEASE\eventuate-messaging-kafka-common-0.9.0.RELEASE.jar;C:\Users\saravana\.m2\repository\uk\co\real-logic\sbe-all\1.15.0\sbe-all-1.15.0.jar;C:\Users\saravana\.m2\repository\io\eventuate\common\messaging\eventuate-messaging-partition-management\0.5.0.RELEASE\eventuate-messaging-partition-management-0.5.0.RELEASE.jar;C:\Users\saravana\.m2\repository\io\eventuate\messaging\kafka\eventuate-messaging-kafka-spring-basic-consumer\0.9.0.RELEASE\eventuate-messaging-kafka-spring-basic-consumer-0.9.0.RELEASE.jar;C:\Users\saravana\.m2\repository\io\eventuate\messaging\kafka\eventuate-messaging-kafka-spring-common\0.9.0.RELEASE\eventuate-messaging-kafka-spring-common-0.9.0.RELEASE.jar;C:\Users\saravana\.m2\repository\io\eventuate\tram\core\eventuate-tram-spring-producer-jdbc\0.24.0.RELEASE\eventuate-tram-spring-producer-jdbc-0.24.0.RELEASE.jar;C:\Users\saravana\.m2\repository\io\eventuate\tram\core\eventuate-tram-producer-jdbc\0.24.0.RELEASE\eventuate-tram-producer-jdbc-0.24.0.RELEASE.jar;C:\Users\saravana\.m2\repository\io\eventuate\tram\core\eventuate-tram-messaging-producer-common\0.24.0.RELEASE\eventuate-tram-messaging-producer-common-0.24.0.RELEASE.jar;C:\Users\saravana\.m2\repository\io\eventuate\common\eventuate-common-jdbc\0.9.0.RELEASE\eventuate-common-jdbc-0.9.0.RELEASE.jar;C:\Users\saravana\.m2\repository\org\postgresql\postgresql\42.2.18\postgresql-42.2.18.jar;C:\Users\saravana\.m2\repository\org\checkerframework\checker-qual\3.5.0\checker-qual-3.5.0.jar;C:\Users\saravana\.m2\repository\com\microsoft\sqlserver\mssql-jdbc\8.4.1.jre8\mssql-jdbc-8.4.1.jre8.jar;C:\Users\saravana\.m2\repository\io\eventuate\common\eventuate-common-id\0.9.0.RELEASE\eventuate-common-id-0.9.0.RELEASE.jar;C:\Users\saravana\.m2\repository\io\eventuate\tram\core\eventuate-tram-spring-messaging-producer-common\0.24.0.RELEASE\eventuate-tram-spring-messaging-producer-common-0.24.0.RELEASE.jar;C:\Users\saravana\.m2\repository\io\eventuate\common\eventuate-common-spring-id\0.9.0.RELEASE\eventuate-common-spring-id-0.9.0.RELEASE.jar;C:\Users\saravana\.m2\repository\io\eventuate\common\eventuate-common-spring-jdbc\0.9.0.RELEASE\eventuate-common-spring-jdbc-0.9.0.RELEASE.jar;C:\Users\saravana\.m2\repository\io\eventuate\common\eventuate-common-common-spring-jdbc\0.9.0.RELEASE\eventuate-common-common-spring-jdbc-0.9.0.RELEASE.jar;C:\Users\saravana\.m2\repository\io\eventuate\tram\core\eventuate-tram-spring-consumer-common\0.24.0.RELEASE\eventuate-tram-spring-consumer-common-0.24.0.RELEASE.jar;C:\Users\saravana\.m2\repository\io\eventuate\tram\core\eventuate-tram-consumer-common\0.24.0.RELEASE\eventuate-tram-consumer-common-0.24.0.RELEASE.jar;C:\Users\saravana\.m2\repository\io\eventuate\common\eventuate-common-coordination-leadership\0.9.0.RELEASE\eventuate-common-coordination-leadership-0.9.0.RELEASE.jar;C:\Users\saravana\.m2\repository\io\eventuate\tram\core\eventuate-tram-spring-consumer-jdbc\0.24.0.RELEASE\eventuate-tram-spring-consumer-jdbc-0.24.0.RELEASE.jar;C:\Users\saravana\.m2\repository\io\eventuate\tram\core\eventuate-tram-consumer-jdbc\0.24.0.RELEASE\eventuate-tram-consumer-jdbc-0.24.0.RELEASE.jar;C:\Users\saravana\.m2\repository\io\eventuate\tram\core\eventuate-tram-spring-consumer-kafka\0.24.0.RELEASE\eventuate-tram-spring-consumer-kafka-0.24.0.RELEASE.jar;C:\Users\saravana\.m2\repository\io\eventuate\tram\core\eventuate-tram-consumer-kafka\0.24.0.RELEASE\eventuate-tram-consumer-kafka-0.24.0.RELEASE.jar;C:\Users\saravana\.m2\repository\io\eventuate\tram\core\eventuate-tram-spring-messaging\0.24.0.RELEASE\eventuate-tram-spring-messaging-0.24.0.RELEASE.jar;C:\Users\saravana\.m2\repository\io\eventuate\tram\core\eventuate-tram-messaging\0.24.0.RELEASE\eventuate-tram-messaging-0.24.0.RELEASE.jar;C:\Users\saravana\.m2\repository\commons-lang\commons-lang\2.6\commons-lang-2.6.jar;C:\Users\saravana\.m2\repository\khttp\khttp\1.0.0\khttp-1.0.0.jar;C:\Users\saravana\.m2\repository\org\jetbrains\kotlin\kotlin-stdlib\1.4.21\kotlin-stdlib-1.4.21.jar;C:\Users\saravana\.m2\repository\org\jetbrains\kotlin\kotlin-stdlib-common\1.4.21\kotlin-stdlib-common-1.4.21.jar;C:\Users\saravana\.m2\repository\org\jetbrains\annotations\13.0\annotations-13.0.jar;C:\Users\saravana\.m2\repository\org\jetbrains\spek\spek-api\1.1.0\spek-api-1.1.0.jar;C:\Users\saravana\.m2\repository\org\jetbrains\spek\spek-junit-platform-engine\1.1.0\spek-junit-platform-engine-1.1.0.jar;C:\Users\saravana\.m2\repository\org\springframework\data\spring-data-jpa\2.4.2\spring-data-jpa-2.4.2.jar;C:\Users\saravana\.m2\repository\org\springframework\data\spring-data-commons\2.4.2\spring-data-commons-2.4.2.jar;C:\Users\saravana\.m2\repository\org\springframework\spring-orm\5.3.2\spring-orm-5.3.2.jar;C:\Users\saravana\.m2\repository\org\springframework\spring-context\5.3.2\spring-context-5.3.2.jar;C:\Users\saravana\.m2\repository\org\springframework\spring-expression\5.3.2\spring-expression-5.3.2.jar;C:\Users\saravana\.m2\repository\org\springframework\spring-aop\5.3.2\spring-aop-5.3.2.jar;C:\Users\saravana\.m2\repository\org\springframework\spring-tx\5.3.2\spring-tx-5.3.2.jar;C:\Users\saravana\.m2\repository\org\springframework\spring-beans\5.3.2\spring-beans-5.3.2.jar;C:\Users\saravana\.m2\repository\org\springframework\spring-core\5.3.2\spring-core-5.3.2.jar;C:\Users\saravana\.m2\repository\org\springframework\spring-jcl\5.3.2\spring-jcl-5.3.2.jar;C:\Users\saravana\.m2\repository\org\aspectj\aspectjrt\1.9.6\aspectjrt-1.9.6.jar;C:\Users\saravana\.m2\repository\org\slf4j\slf4j-api\1.7.30\slf4j-api-1.7.30.jar;C:\Users\saravana\.m2\repository\org\springframework\boot\spring-boot-starter-jdbc\2.4.1\spring-boot-starter-jdbc-2.4.1.jar;C:\Users\saravana\.m2\repository\com\zaxxer\HikariCP\3.4.5\HikariCP-3.4.5.jar;C:\Users\saravana\.m2\repository\org\springframework\boot\spring-boot-starter-data-jpa\2.4.1\spring-boot-starter-data-jpa-2.4.1.jar;C:\Users\saravana\.m2\repository\org\springframework\boot\spring-boot-starter-aop\2.4.1\spring-boot-starter-aop-2.4.1.jar;C:\Users\saravana\.m2\repository\org\aspectj\aspectjweaver\1.9.6\aspectjweaver-1.9.6.jar;C:\Users\saravana\.m2\repository\jakarta\transaction\jakarta.transaction-api\1.3.3\jakarta.transaction-api-1.3.3.jar;C:\Users\saravana\.m2\repository\jakarta\persistence\jakarta.persistence-api\2.2.3\jakarta.persistence-api-2.2.3.jar;C:\Users\saravana\.m2\repository\org\springframework\spring-aspects\5.3.2\spring-aspects-5.3.2.jar;C:\Users\saravana\.m2\repository\org\springframework\spring-jdbc\5.3.2\spring-jdbc-5.3.2.jar;C:\Users\saravana\.m2\repository\javax\persistence\javax.persistence-api\2.2\javax.persistence-api-2.2.jar;C:\Users\saravana\.m2\repository\mysql\mysql-connector-java\8.0.22\mysql-connector-java-8.0.22.jar;C:\Users\saravana\.m2\repository\io\reactivex\rxjava2\rxjava\2.2.20\rxjava-2.2.20.jar;C:\Users\saravana\.m2\repository\org\reactivestreams\reactive-streams\1.0.3\reactive-streams-1.0.3.jar;C:\Users\saravana\.m2\repository\org\hibernate\hibernate-core\5.4.26.Final\hibernate-core-5.4.26.Final.jar;C:\Users\saravana\.m2\repository\org\jboss\logging\jboss-logging\3.4.1.Final\jboss-logging-3.4.1.Final.jar;C:\Users\saravana\.m2\repository\org\javassist\javassist\3.27.0-GA\javassist-3.27.0-GA.jar;C:\Users\saravana\.m2\repository\net\bytebuddy\byte-buddy\1.10.18\byte-buddy-1.10.18.jar;C:\Users\saravana\.m2\repository\antlr\antlr\2.7.7\antlr-2.7.7.jar;C:\Users\saravana\.m2\repository\org\jboss\spec\javax\transaction\jboss-transaction-api_1.2_spec\1.1.1.Final\jboss-transaction-api_1.2_spec-1.1.1.Final.jar;C:\Users\saravana\.m2\repository\org\jboss\jandex\2.1.3.Final\jandex-2.1.3.Final.jar;C:\Users\saravana\.m2\repository\com\fasterxml\classmate\1.5.1\classmate-1.5.1.jar;C:\Users\saravana\.m2\repository\javax\activation\javax.activation-api\1.2.0\javax.activation-api-1.2.0.jar;C:\Users\saravana\.m2\repository\org\dom4j\dom4j\2.1.3\dom4j-2.1.3.jar;C:\Users\saravana\.m2\repository\org\hibernate\common\hibernate-commons-annotations\5.1.2.Final\hibernate-commons-annotations-5.1.2.Final.jar;C:\Users\saravana\.m2\repository\javax\xml\bind\jaxb-api\2.3.1\jaxb-api-2.3.1.jar;C:\Users\saravana\.m2\repository\org\glassfish\jaxb\jaxb-runtime\2.3.3\jaxb-runtime-2.3.3.jar;C:\Users\saravana\.m2\repository\org\glassfish\jaxb\txw2\2.3.3\txw2-2.3.3.jar;C:\Users\saravana\.m2\repository\com\sun\istack\istack-commons-runtime\3.0.11\istack-commons-runtime-3.0.11.jar;C:\Users\saravana\.m2\repository\com\sun\activation\jakarta.activation\1.2.2\jakarta.activation-1.2.2.jar;C:\Users\saravana\.m2\repository\org\json\json\20201115\json-20201115.jar;E:\d_backup\saran\test\eventuate\with_pat_common-message-stream\common-message-stream\common\target\common-0.0.1-SNAPSHOT.jar;C:\Users\saravana\.m2\repository\com\pcbsys\nirvana\client\nClient\1.0\nClient-1.0.jar;C:\Users\saravana\.m2\repository\org\springframework\boot\spring-boot-starter-actuator\2.4.1\spring-boot-starter-actuator-2.4.1.jar;C:\Users\saravana\.m2\repository\org\springframework\boot\spring-boot-actuator-autoconfigure\2.4.1\spring-boot-actuator-autoconfigure-2.4.1.jar;C:\Users\saravana\.m2\repository\org\springframework\boot\spring-boot-actuator\2.4.1\spring-boot-actuator-2.4.1.jar;C:\Users\saravana\.m2\repository\io\micrometer\micrometer-core\1.6.2\micrometer-core-1.6.2.jar;C:\Users\saravana\.m2\repository\org\hdrhistogram\HdrHistogram\2.1.12\HdrHistogram-2.1.12.jar;C:\Users\saravana\.m2\repository\org\latencyutils\LatencyUtils\2.0.3\LatencyUtils-2.0.3.jar;C:\Users\saravana\.m2\repository\commons-cli\commons-cli\1.4\commons-cli-1.4.jar;C:\Users\saravana\.m2\repository\org\springframework\boot\spring-boot-starter\2.4.1\spring-boot-starter-2.4.1.jar;C:\Users\saravana\.m2\repository\org\springframework\boot\spring-boot\2.4.1\spring-boot-2.4.1.jar;C:\Users\saravana\.m2\repository\org\springframework\boot\spring-boot-autoconfigure\2.4.1\spring-boot-autoconfigure-2.4.1.jar;C:\Users\saravana\.m2\repository\org\springframework\boot\spring-boot-starter-logging\2.4.1\spring-boot-starter-logging-2.4.1.jar;C:\Users\saravana\.m2\repository\ch\qos\logback\logback-classic\1.2.3\logback-classic-1.2.3.jar;C:\Users\saravana\.m2\repository\ch\qos\logback\logback-core\1.2.3\logback-core-1.2.3.jar;C:\Users\saravana\.m2\repository\org\apache\logging\log4j\log4j-to-slf4j\2.13.3\log4j-to-slf4j-2.13.3.jar;C:\Users\saravana\.m2\repository\org\apache\logging\log4j\log4j-api\2.13.3\log4j-api-2.13.3.jar;C:\Users\saravana\.m2\repository\org\slf4j\jul-to-slf4j\1.7.30\jul-to-slf4j-1.7.30.jar;C:\Users\saravana\.m2\repository\jakarta\annotation\jakarta.annotation-api\1.3.5\jakarta.annotation-api-1.3.5.jar;C:\Users\saravana\.m2\repository\org\yaml\snakeyaml\1.27\snakeyaml-1.27.jar;C:\Users\saravana\.m2\repository\org\springframework\kafka\spring-kafka\2.6.4\spring-kafka-2.6.4.jar;C:\Users\saravana\.m2\repository\org\springframework\spring-messaging\5.3.2\spring-messaging-5.3.2.jar;C:\Users\saravana\.m2\repository\org\springframework\retry\spring-retry\1.3.0\spring-retry-1.3.0.jar;C:\Users\saravana\.m2\repository\javax\annotation\javax.annotation-api\1.3.2\javax.annotation-api-1.3.2.jar;C:\Users\saravana\.m2\repository\org\apache\kafka\kafka-clients\2.6.0\kafka-clients-2.6.0.jar;C:\Users\saravana\.m2\repository\com\github\luben\zstd-jni\1.4.4-7\zstd-jni-1.4.4-7.jar;C:\Users\saravana\.m2\repository\org\lz4\lz4-java\1.7.1\lz4-java-1.7.1.jar;C:\Users\saravana\.m2\repository\org\xerial\snappy\snappy-java\1.1.7.3\snappy-java-1.1.7.3.jar;C:\Users\saravana\.m2\repository\org\springframework\boot\spring-boot-starter-web\2.4.1\spring-boot-starter-web-2.4.1.jar;C:\Users\saravana\.m2\repository\org\springframework\boot\spring-boot-starter-json\2.4.1\spring-boot-starter-json-2.4.1.jar;C:\Users\saravana\.m2\repository\com\fasterxml\jackson\datatype\jackson-datatype-jdk8\2.11.3\jackson-datatype-jdk8-2.11.3.jar;C:\Users\saravana\.m2\repository\com\fasterxml\jackson\datatype\jackson-datatype-jsr310\2.11.3\jackson-datatype-jsr310-2.11.3.jar;C:\Users\saravana\.m2\repository\com\fasterxml\jackson\module\jackson-module-parameter-names\2.11.3\jackson-module-parameter-names-2.11.3.jar;C:\Users\saravana\.m2\repository\org\springframework\boot\spring-boot-starter-tomcat\2.4.1\spring-boot-starter-tomcat-2.4.1.jar;C:\Users\saravana\.m2\repository\org\apache\tomcat\embed\tomcat-embed-core\9.0.41\tomcat-embed-core-9.0.41.jar;C:\Users\saravana\.m2\repository\org\glassfish\jakarta.el\3.0.3\jakarta.el-3.0.3.jar;C:\Users\saravana\.m2\repository\org\apache\tomcat\embed\tomcat-embed-websocket\9.0.41\tomcat-embed-websocket-9.0.41.jar;C:\Users\saravana\.m2\repository\org\springframework\spring-web\5.3.2\spring-web-5.3.2.jar;C:\Users\saravana\.m2\repository\org\springframework\spring-webmvc\5.3.2\spring-webmvc-5.3.2.jar;C:\Users\saravana\.m2\repository\org\jetbrains\kotlin\kotlin-reflect\1.4.21\kotlin-reflect-1.4.21.jar;C:\Users\saravana\.m2\repository\org\jetbrains\kotlin\kotlin-stdlib-jdk8\1.4.21\kotlin-stdlib-jdk8-1.4.21.jar;C:\Users\saravana\.m2\repository\org\jetbrains\kotlin\kotlin-stdlib-jdk7\1.4.21\kotlin-stdlib-jdk7-1.4.21.jar;C:\Users\saravana\.m2\repository\org\springframework\boot\spring-boot-starter-test\2.4.1\spring-boot-starter-test-2.4.1.jar;C:\Users\saravana\.m2\repository\org\springframework\boot\spring-boot-test\2.4.1\spring-boot-test-2.4.1.jar;C:\Users\saravana\.m2\repository\org\springframework\boot\spring-boot-test-autoconfigure\2.4.1\spring-boot-test-autoconfigure-2.4.1.jar;C:\Users\saravana\.m2\repository\com\jayway\jsonpath\json-path\2.4.0\json-path-2.4.0.jar;C:\Users\saravana\.m2\repository\net\minidev\json-smart\2.3\json-smart-2.3.jar;C:\Users\saravana\.m2\repository\net\minidev\accessors-smart\1.2\accessors-smart-1.2.jar;C:\Users\saravana\.m2\repository\org\ow2\asm\asm\5.0.4\asm-5.0.4.jar;C:\Users\saravana\.m2\repository\jakarta\xml\bind\jakarta.xml.bind-api\2.3.3\jakarta.xml.bind-api-2.3.3.jar;C:\Users\saravana\.m2\repository\jakarta\activation\jakarta.activation-api\1.2.2\jakarta.activation-api-1.2.2.jar;C:\Users\saravana\.m2\repository\org\assertj\assertj-core\3.18.1\assertj-core-3.18.1.jar;C:\Users\saravana\.m2\repository\org\hamcrest\hamcrest\2.2\hamcrest-2.2.jar;C:\Users\saravana\.m2\repository\org\junit\jupiter\junit-jupiter\5.7.0\junit-jupiter-5.7.0.jar;C:\Users\saravana\.m2\repository\org\junit\jupiter\junit-jupiter-api\5.7.0\junit-jupiter-api-5.7.0.jar;C:\Users\saravana\.m2\repository\org\apiguardian\apiguardian-api\1.1.0\apiguardian-api-1.1.0.jar;C:\Users\saravana\.m2\repository\org\opentest4j\opentest4j\1.2.0\opentest4j-1.2.0.jar;C:\Users\saravana\.m2\repository\org\junit\platform\junit-platform-commons\1.7.0\junit-platform-commons-1.7.0.jar;C:\Users\saravana\.m2\repository\org\junit\jupiter\junit-jupiter-params\5.7.0\junit-jupiter-params-5.7.0.jar;C:\Users\saravana\.m2\repository\org\junit\jupiter\junit-jupiter-engine\5.7.0\junit-jupiter-engine-5.7.0.jar;C:\Users\saravana\.m2\repository\org\junit\platform\junit-platform-engine\1.7.0\junit-platform-engine-1.7.0.jar;C:\Users\saravana\.m2\repository\org\mockito\mockito-core\3.6.28\mockito-core-3.6.28.jar;C:\Users\saravana\.m2\repository\net\bytebuddy\byte-buddy-agent\1.10.18\byte-buddy-agent-1.10.18.jar;C:\Users\saravana\.m2\repository\org\objenesis\objenesis\3.1\objenesis-3.1.jar;C:\Users\saravana\.m2\repository\org\mockito\mockito-junit-jupiter\3.6.28\mockito-junit-jupiter-3.6.28.jar;C:\Users\saravana\.m2\repository\org\skyscreamer\jsonassert\1.5.0\jsonassert-1.5.0.jar;C:\Users\saravana\.m2\repository\com\vaadin\external\google\android-json\0.0.20131108.vaadin1\android-json-0.0.20131108.vaadin1.jar;C:\Users\saravana\.m2\repository\org\springframework\spring-test\5.3.2\spring-test-5.3.2.jar;C:\Users\saravana\.m2\repository\org\xmlunit\xmlunit-core\2.7.0\xmlunit-core-2.7.0.jar;C:\Users\saravana\.m2\repository\com\fasterxml\jackson\module\jackson-module-kotlin\2.12.0\jackson-module-kotlin-2.12.0.jar;C:\Users\saravana\.m2\repository\com\fasterxml\jackson\core\jackson-annotations\2.11.3\jackson-annotations-2.11.3.jar;C:\Users\saravana\.m2\repository\com\fasterxml\jackson\core\jackson-databind\2.11.3\jackson-databind-2.11.3.jar;C:\Users\saravana\.m2\repository\com\fasterxml\jackson\core\jackson-core\2.11.3\jackson-core-2.11.3.jar;"/>
    <property name="sun.cpu.endian" value="little"/>
    <property name="user.home" value="C:\Users\saravana"/>
    <property name="user.language" value="en"/>
    <property name="java.specification.vendor" value="Oracle Corporation"/>
    <property name="java.version.date" value="2020-04-14"/>
    <property name="java.home" value="C:\Program Files\Java\jdk-11.0.7"/>
    <property name="file.separator" value="\"/>
    <property name="basedir" value="E:\d_backup\saran\test\eventuate\with_pat_common-message-stream\common-message-stream\event-driven-test"/>
    <property name="java.vm.compressedOopsMode" value="32-bit"/>
    <property name="line.separator" value="&#10;"/>
    <property name="java.specification.name" value="Java Platform API Specification"/>
    <property name="java.vm.specification.vendor" value="Oracle Corporation"/>
    <property name="java.awt.graphicsenv" value="sun.awt.Win32GraphicsEnvironment"/>
    <property name="surefire.real.class.path" value="C:\Users\saravana\AppData\Local\Temp\surefire9785416266451164240\surefirebooter17753263221027765624.jar"/>
    <property name="user.script" value=""/>
    <property name="sun.management.compiler" value="HotSpot 64-Bit Tiered Compilers"/>
    <property name="java.runtime.version" value="11.0.7+8-LTS"/>
    <property name="user.name" value="saravana"/>
    <property name="path.separator" value=";"/>
    <property name="os.version" value="10.0"/>
    <property name="java.runtime.name" value="Java(TM) SE Runtime Environment"/>
    <property name="file.encoding" value="Cp1252"/>
    <property name="java.vm.name" value="Java HotSpot(TM) 64-Bit Server VM"/>
    <property name="java.vendor.version" value="18.9"/>
    <property name="localRepository" value="C:\Users\saravana\.m2\repository"/>
    <property name="java.vendor.url.bug" value="https://bugreport.java.com/bugreport/"/>
    <property name="java.io.tmpdir" value="C:\Users\saravana\AppData\Local\Temp\"/>
    <property name="idea.version" value="2020.2.4"/>
    <property name="java.version" value="11.0.7"/>
    <property name="user.dir" value="E:\d_backup\saran\test\eventuate\with_pat_common-message-stream\common-message-stream\event-driven-test"/>
    <property name="os.arch" value="amd64"/>
    <property name="java.vm.specification.name" value="Java Virtual Machine Specification"/>
    <property name="java.awt.printerjob" value="sun.awt.windows.WPrinterJob"/>
    <property name="sun.os.patch.level" value=""/>
    <property name="java.library.path" value="C:\Program Files\Java\jdk-11.0.7\bin;C:\WINDOWS\Sun\Java\bin;C:\WINDOWS\system32;C:\WINDOWS;C:\WINDOWS\system32;C:\WINDOWS;C:\WINDOWS\System32\Wbem;C:\WINDOWS\System32\WindowsPowerShell\v1.0\;C:\WINDOWS\System32\OpenSSH\;C:\Program Files\Git\cmd;E:\mvn\apache-maven-3.6.3\bin;C:\Program Files\Java\jdk-11.0.7\bin;C:\Program Files\Docker\Docker\resources\bin;C:\Program Files\Docker\Docker\resources;C:\Ruby24-x64\bin;C:\Users\saravana\AppData\Local\Microsoft\WindowsApps;D:\Python39;C:\Program Files (x86)\Microsoft VS Code\bin;C:\Program Files\Intel\WiFi\bin\;C:\Program Files\Common Files\Intel\WirelessCommon\;C:\UnxUtils\usr\local\wbin;C:\Users\saravana\AppData\Local\GitHubDesktop\bin;C:\Users\saravana\AppData\Local\Yarn\bin;C:\Users\saravana\AppData\Local\Programs\Azure Data Studio\bin;C:\bin;D:\Python39\Scripts;C:\Users\saravana\AppData\Roaming\npm;c:\dapr;C:\Users\saravana\.dapr\bin;C:\Users\saravana\go\bin;;C:\Users\saravana\AppData\Local\Microsoft\WindowsApps;."/>
    <property name="java.vendor" value="Oracle Corporation"/>
    <property name="java.vm.info" value="mixed mode"/>
    <property name="java.vm.version" value="11.0.7+8-LTS"/>
    <property name="sun.io.unicode.encoding" value="UnicodeLittle"/>
    <property name="java.class.version" value="55.0"/>
  </properties>
  <testcase name="contextLoads" classname="com.tcs.service.edt.EventDrivenTestApplicationTests" time="1.465"/>
</testsuite>